2020-07-20 21:11:55 [127.0.0.1][-][-][error][yii\web\HttpException:404] yii\base\InvalidRouteException: Unable to resolve the request "". in F:\open-server\OSPanel\domains\basic\vendor\yiisoft\yii2\base\Module.php:537
Stack trace:
#0 F:\open-server\OSPanel\domains\basic\vendor\yiisoft\yii2\web\Application.php(103): yii\base\Module->runAction('', Array)
#1 F:\open-server\OSPanel\domains\basic\vendor\yiisoft\yii2\base\Application.php(386): yii\web\Application->handleRequest(Object(yii\web\Request))
#2 F:\open-server\OSPanel\domains\basic\web\index.php(12): yii\base\Application->run()
#3 {main}

Next yii\web\NotFoundHttpException: Page not found. in F:\open-server\OSPanel\domains\basic\vendor\yiisoft\yii2\web\Application.php:115
Stack trace:
#0 F:\open-server\OSPanel\domains\basic\vendor\yiisoft\yii2\base\Application.php(386): yii\web\Application->handleRequest(Object(yii\web\Request))
#1 F:\open-server\OSPanel\domains\basic\web\index.php(12): yii\base\Application->run()
#2 {main}
2020-07-20 21:11:55 [127.0.0.1][-][-][info][application] $_GET = []

$_POST = []

$_FILES = []

$_COOKIE = [
    'PHPSESSID' => 'r2a1ni8ubrhav158p5dda4ilk21p47nh'
    '_csrf' => '5dda4e7bfff29e6b13011ceb368c74acef2918468a37dbfe1c043f4e33f28961a:2:{i:0;s:5:\"_csrf\";i:1;s:32:\"0L981LPogcAbdjfXsaCiBA5qA8bYvplA\";}'
]

$_SESSION = [
    '__flash' => []
    '__captcha/site/captcha' => 'dowulib'
    '__captcha/site/captchacount' => 1
]

$_SERVER = [
    'HTTP_HOST' => 'basic'
    'HTTP_CONNECTION' => 'keep-alive'
    'HTTP_CACHE_CONTROL' => 'max-age=0'
    'HTTP_DNT' => '1'
    'HTTP_UPGRADE_INSECURE_REQUESTS' => '1'
    'HTTP_USER_AGENT' => 'Mozilla/5.0 (Windows NT 10.0; Win64; x64) AppleWebKit/537.36 (KHTML, like Gecko) Chrome/83.0.4103.116 Safari/537.36'
    'HTTP_ACCEPT' => 'text/html,application/xhtml+xml,application/xml;q=0.9,image/webp,image/apng,*/*;q=0.8,application/signed-exchange;v=b3;q=0.9'
    'HTTP_ACCEPT_ENCODING' => 'gzip, deflate'
    'HTTP_ACCEPT_LANGUAGE' => 'en-US,en;q=0.9,ru;q=0.8'
    'HTTP_COOKIE' => 'PHPSESSID=r2a1ni8ubrhav158p5dda4ilk21p47nh; _csrf=5dda4e7bfff29e6b13011ceb368c74acef2918468a37dbfe1c043f4e33f28961a%3A2%3A%7Bi%3A0%3Bs%3A5%3A%22_csrf%22%3Bi%3A1%3Bs%3A32%3A%220L981LPogcAbdjfXsaCiBA5qA8bYvplA%22%3B%7D'
    'PATH' => 'f:\\open-server\\ospanel\\modules\\php\\PHP_7.3-x64\\ext;f:\\open-server\\ospanel\\modules\\php\\PHP_7.3-x64\\pear;f:\\open-server\\ospanel\\modules\\php\\PHP_7.3-x64\\pear\\bin;f:\\open-server\\ospanel\\modules\\php\\PHP_7.3-x64;f:\\open-server\\ospanel\\modules\\wget\\bin;f:\\open-server\\ospanel\\modules\\database\\MySQL-8.0-x64\\bin;f:\\open-server\\ospanel\\modules\\http\\Apache_2.4-PHP_7.0-7.1-x64\\bin;f:\\open-server\\ospanel\\modules\\http\\Apache_2.4-PHP_7.0-7.1-x64;C:\\Windows\\system32;C:\\Windows;C:\\Windows\\system32\\Wbem;C:\\Windows\\SysWOW64'
    'SystemRoot' => 'C:\\Windows'
    'COMSPEC' => 'C:\\Windows\\system32\\cmd.exe'
    'PATHEXT' => '.COM;.EXE;.BAT;.CMD;.VBS;.VBE;.JS;.JSE;.WSF;.WSH;.MSC;.PY;.PYW'
    'WINDIR' => 'C:\\Windows'
    'SERVER_SIGNATURE' => ''
    'SERVER_SOFTWARE' => 'Apache'
    'SERVER_NAME' => 'basic'
    'SERVER_ADDR' => '127.0.0.1'
    'SERVER_PORT' => '80'
    'REMOTE_ADDR' => '127.0.0.1'
    'DOCUMENT_ROOT' => 'F:/open-server/OSPanel/domains/basic'
    'REQUEST_SCHEME' => 'http'
    'CONTEXT_PREFIX' => ''
    'CONTEXT_DOCUMENT_ROOT' => 'F:/open-server/OSPanel/domains/basic'
    'SERVER_ADMIN' => '[no address given]'
    'SCRIPT_FILENAME' => 'F:/open-server/OSPanel/domains/basic/web/index.php'
    'REMOTE_PORT' => '50162'
    'GATEWAY_INTERFACE' => 'CGI/1.1'
    'SERVER_PROTOCOL' => 'HTTP/1.1'
    'REQUEST_METHOD' => 'GET'
    'QUERY_STRING' => ''
    'REQUEST_URI' => '/web/index.php'
    'SCRIPT_NAME' => '/web/index.php'
    'PHP_SELF' => '/web/index.php'
    'REQUEST_TIME_FLOAT' => 1595268715.135
    'REQUEST_TIME' => 1595268715
    'argv' => []
    'argc' => 0
]
